

Started GET "/" for ::1 at 2016-05-30 23:48:20 -0700
Processing by Rails::WelcomeController#index as HTML
  Rendered /Users/lababib/.rvm/gems/ruby-2.3.0@global/gems/railties-4.2.6/lib/rails/templates/rails/welcome/index.html.erb (3.1ms)
Completed 200 OK in 31ms (Views: 23.0ms | ActiveRecord: 0.0ms)


Started GET "/" for ::1 at 2016-05-30 23:48:28 -0700
Processing by Rails::WelcomeController#index as HTML
  Rendered /Users/lababib/.rvm/gems/ruby-2.3.0@global/gems/railties-4.2.6/lib/rails/templates/rails/welcome/index.html.erb (0.0ms)
Completed 200 OK in 2ms (Views: 2.0ms | ActiveRecord: 0.0ms)


Started GET "/" for ::1 at 2016-05-30 23:51:36 -0700
Processing by Rails::WelcomeController#index as HTML
  Rendered /Users/lababib/.rvm/gems/ruby-2.3.0@global/gems/railties-4.2.6/lib/rails/templates/rails/welcome/index.html.erb (0.1ms)
Completed 200 OK in 3ms (Views: 3.1ms | ActiveRecord: 0.0ms)


Started GET "/" for ::1 at 2016-05-30 23:53:55 -0700
Processing by WelcomeController#index as HTML
  Rendered welcome/index.html.erb within layouts/application (0.2ms)
Completed 200 OK in 1076ms (Views: 1075.2ms | ActiveRecord: 0.0ms)


Started GET "/assets/welcome.self-e3b0c44298fc1c149afbf4c8996fb92427ae41e4649b934ca495991b7852b855.css?body=1" for ::1 at 2016-05-30 23:53:56 -0700


Started GET "/assets/application.self-e80e8f2318043e8af94dddc2adad5a4f09739a8ebb323b3ab31cd71d45fd9113.css?body=1" for ::1 at 2016-05-30 23:53:56 -0700


Started GET "/assets/application.self-3b8dabdc891efe46b9a144b400ad69e37d7e5876bdc39dee783419a69d7ca819.js?body=1" for ::1 at 2016-05-30 23:53:56 -0700


Started GET "/assets/jquery.self-660adc51e0224b731d29f575a6f1ec167ba08ad06ed5deca4f1e8654c135bf4c.js?body=1" for ::1 at 2016-05-30 23:53:56 -0700


Started GET "/assets/jquery_ujs.self-e87806d0cf4489aeb1bb7288016024e8de67fd18db693fe026fe3907581e53cd.js?body=1" for ::1 at 2016-05-30 23:53:56 -0700


Started GET "/assets/turbolinks.self-c37727e9bd6b2735da5c311aa83fead54ed0be6cc8bd9a65309e9c5abe2cbfff.js?body=1" for ::1 at 2016-05-30 23:53:56 -0700


Started GET "/assets/welcome.self-877aef30ae1b040ab8a3aba4e3e309a11d7f2612f44dde450b5c157aa5f95c05.js?body=1" for ::1 at 2016-05-30 23:53:56 -0700
